[0.075s] DEBUG:colcon:Command line arguments: ['/usr/bin/colcon', 'build']
[0.075s] DEBUG:colcon:Parsed command line arguments: Namespace(log_base=None, log_level=None, verb_name='build', build_base='build', install_base='install', merge_install=False, symlink_install=False, test_result_base=None, continue_on_error=False, executor='parallel', parallel_workers=16, event_handlers=None, ignore_user_meta=False, metas=['./colcon.meta'], base_paths=['.'], packages_ignore=None, packages_ignore_regex=None, paths=None, packages_up_to=None, packages_up_to_regex=None, packages_above=None, packages_above_and_dependencies=None, packages_above_depth=None, packages_select_by_dep=None, packages_skip_by_dep=None, packages_skip_up_to=None, packages_select_build_failed=False, packages_skip_build_finished=False, packages_select_test_failures=False, packages_skip_test_passed=False, packages_select=None, packages_skip=None, packages_select_regex=None, packages_skip_regex=None, packages_start=None, packages_end=None, allow_overriding=[], cmake_args=None, cmake_target=None, cmake_target_skip_unavailable=False, cmake_clean_cache=False, cmake_clean_first=False, cmake_force_configure=False, ament_cmake_args=None, catkin_cmake_args=None, catkin_skip_building_tests=False, mixin_files=None, mixin=None, verb_parser=<colcon_mixin.mixin.mixin_argument.MixinArgumentDecorator object at 0x7b02d5c4c5e0>, verb_extension=<colcon_core.verb.build.BuildVerb object at 0x7b02d5e96740>, main=<bound method BuildVerb.main of <colcon_core.verb.build.BuildVerb object at 0x7b02d5e96740>>, mixin_verb=('build',))
[0.181s] Level 1:colcon.colcon_core.package_discovery:discover_packages(colcon_meta) check parameters
[0.181s] Level 1:colcon.colcon_core.package_discovery:discover_packages(recursive) check parameters
[0.181s] Level 1:colcon.colcon_core.package_discovery:discover_packages(ignore) check parameters
[0.181s] Level 1:colcon.colcon_core.package_discovery:discover_packages(path) check parameters
[0.181s] Level 1:colcon.colcon_core.package_discovery:discover_packages(colcon_meta) discover
[0.181s] Level 1:colcon.colcon_core.package_discovery:discover_packages(recursive) discover
[0.181s] INFO:colcon.colcon_core.package_discovery:Crawling recursively for packages in '/home/mero_1/robot_assembly'
[0.181s] Level 1:colcon.colcon_core.package_identification:_identify(.) by extensions ['ignore', 'ignore_ament_install']
[0.181s] Level 1:colcon.colcon_core.package_identification:_identify(.) by extension 'ignore'
[0.181s] Level 1:colcon.colcon_core.package_identification:_identify(.) by extension 'ignore_ament_install'
[0.181s] Level 1:colcon.colcon_core.package_identification:_identify(.) by extensions ['colcon_pkg']
[0.181s] Level 1:colcon.colcon_core.package_identification:_identify(.) by extension 'colcon_pkg'
[0.181s] Level 1:colcon.colcon_core.package_identification:_identify(.) by extensions ['colcon_meta']
[0.181s] Level 1:colcon.colcon_core.package_identification:_identify(.) by extension 'colcon_meta'
[0.181s] Level 1:colcon.colcon_core.package_identification:_identify(.) by extensions ['ros']
[0.181s] Level 1:colcon.colcon_core.package_identification:_identify(.) by extension 'ros'
[0.196s] DEBUG:colcon.colcon_core.package_identification:Package '.' with type 'ros.ament_cmake' and name 'robot_assembly'
[0.196s] Level 1:colcon.colcon_core.package_discovery:discover_packages(recursive) using defaults
[0.196s] Level 1:colcon.colcon_core.package_discovery:discover_packages(ignore) discover
[0.196s] Level 1:colcon.colcon_core.package_discovery:discover_packages(ignore) using defaults
[0.196s] Level 1:colcon.colcon_core.package_discovery:discover_packages(path) discover
[0.196s] Level 1:colcon.colcon_core.package_discovery:discover_packages(path) using defaults
[0.208s] Level 1:colcon.colcon_core.package_discovery:discover_packages(prefix_path) check parameters
[0.208s] Level 1:colcon.colcon_core.package_discovery:discover_packages(prefix_path) discover
[0.209s] DEBUG:colcon.colcon_installed_package_information.package_discovery:Found 4 installed packages in /home/mero_1/sick_ws/install
[0.210s] DEBUG:colcon.colcon_installed_package_information.package_discovery:Found 15 installed packages in /home/mero_1/vesc_ws/install
[0.211s] DEBUG:colcon.colcon_installed_package_information.package_discovery:Found 408 installed packages in /opt/ros/humble
[0.212s] Level 1:colcon.colcon_core.package_discovery:discover_packages(prefix_path) using defaults
[0.237s] Level 5:colcon.colcon_core.verb:set package 'robot_assembly' build argument 'cmake_args' from command line to 'None'
[0.237s] Level 5:colcon.colcon_core.verb:set package 'robot_assembly' build argument 'cmake_target' from command line to 'None'
[0.237s] Level 5:colcon.colcon_core.verb:set package 'robot_assembly' build argument 'cmake_target_skip_unavailable' from command line to 'False'
[0.237s] Level 5:colcon.colcon_core.verb:set package 'robot_assembly' build argument 'cmake_clean_cache' from command line to 'False'
[0.237s] Level 5:colcon.colcon_core.verb:set package 'robot_assembly' build argument 'cmake_clean_first' from command line to 'False'
[0.237s] Level 5:colcon.colcon_core.verb:set package 'robot_assembly' build argument 'cmake_force_configure' from command line to 'False'
[0.237s] Level 5:colcon.colcon_core.verb:set package 'robot_assembly' build argument 'ament_cmake_args' from command line to 'None'
[0.237s] Level 5:colcon.colcon_core.verb:set package 'robot_assembly' build argument 'catkin_cmake_args' from command line to 'None'
[0.237s] Level 5:colcon.colcon_core.verb:set package 'robot_assembly' build argument 'catkin_skip_building_tests' from command line to 'False'
[0.237s] DEBUG:colcon.colcon_core.verb:Building package 'robot_assembly' with the following arguments: {'ament_cmake_args': None, 'build_base': '/home/mero_1/robot_assembly/build/robot_assembly', 'catkin_cmake_args': None, 'catkin_skip_building_tests': False, 'cmake_args': None, 'cmake_clean_cache': False, 'cmake_clean_first': False, 'cmake_force_configure': False, 'cmake_target': None, 'cmake_target_skip_unavailable': False, 'install_base': '/home/mero_1/robot_assembly/install/robot_assembly', 'merge_install': False, 'path': '/home/mero_1/robot_assembly', 'symlink_install': False, 'test_result_base': None}
[0.238s] INFO:colcon.colcon_core.executor:Executing jobs using 'parallel' executor
[0.238s] DEBUG:colcon.colcon_parallel_executor.executor.parallel:run_until_complete
[0.238s] INFO:colcon.colcon_ros.task.ament_cmake.build:Building ROS package in '/home/mero_1/robot_assembly' with build type 'ament_cmake'
[0.238s] INFO:colcon.colcon_cmake.task.cmake.build:Building CMake package in '/home/mero_1/robot_assembly'
[0.240s] INFO:colcon.colcon_core.plugin_system:Skipping extension 'colcon_core.shell.bat': Not used on non-Windows systems
[0.240s] INFO:colcon.colcon_core.shell:Skip shell extension 'powershell' for command environment: Not usable outside of PowerShell
[0.240s] DEBUG:colcon.colcon_core.shell:Skip shell extension 'dsv' for command environment
[0.247s] DEBUG:colcon.colcon_core.event_handler.log_command:Invoking command in '/home/mero_1/robot_assembly/build/robot_assembly': CMAKE_PREFIX_PATH=${CMAKE_PREFIX_PATH}:/home/mero_1/vesc_ws/install/ros2_vesc_drv:/opt/ros/humble /usr/bin/cmake /home/mero_1/robot_assembly -DCMAKE_INSTALL_PREFIX=/home/mero_1/robot_assembly/install/robot_assembly
[0.631s] DEBUG:colcon.colcon_core.event_handler.log_command:Invoked command in '/home/mero_1/robot_assembly/build/robot_assembly' returned '0': CMAKE_PREFIX_PATH=${CMAKE_PREFIX_PATH}:/home/mero_1/vesc_ws/install/ros2_vesc_drv:/opt/ros/humble /usr/bin/cmake /home/mero_1/robot_assembly -DCMAKE_INSTALL_PREFIX=/home/mero_1/robot_assembly/install/robot_assembly
[0.632s] DEBUG:colcon.colcon_core.event_handler.log_command:Invoking command in '/home/mero_1/robot_assembly/build/robot_assembly': CMAKE_PREFIX_PATH=${CMAKE_PREFIX_PATH}:/home/mero_1/vesc_ws/install/ros2_vesc_drv:/opt/ros/humble /usr/bin/cmake --build /home/mero_1/robot_assembly/build/robot_assembly -- -j16 -l16
[0.658s] DEBUG:colcon.colcon_core.event_handler.log_command:Invoked command in '/home/mero_1/robot_assembly/build/robot_assembly' returned '0': CMAKE_PREFIX_PATH=${CMAKE_PREFIX_PATH}:/home/mero_1/vesc_ws/install/ros2_vesc_drv:/opt/ros/humble /usr/bin/cmake --build /home/mero_1/robot_assembly/build/robot_assembly -- -j16 -l16
[0.679s] DEBUG:colcon.colcon_core.event_handler.log_command:Invoking command in '/home/mero_1/robot_assembly/build/robot_assembly': CMAKE_PREFIX_PATH=${CMAKE_PREFIX_PATH}:/home/mero_1/vesc_ws/install/ros2_vesc_drv:/opt/ros/humble /usr/bin/cmake --install /home/mero_1/robot_assembly/build/robot_assembly
[0.689s] Level 1:colcon.colcon_core.environment:create_environment_scripts_only(robot_assembly)
[0.689s] DEBUG:colcon.colcon_core.event_handler.log_command:Invoked command in '/home/mero_1/robot_assembly/build/robot_assembly' returned '0': CMAKE_PREFIX_PATH=${CMAKE_PREFIX_PATH}:/home/mero_1/vesc_ws/install/ros2_vesc_drv:/opt/ros/humble /usr/bin/cmake --install /home/mero_1/robot_assembly/build/robot_assembly
[0.691s] Level 1:colcon.colcon_core.environment:checking '/home/mero_1/robot_assembly/install/robot_assembly' for CMake module files
[0.692s] Level 1:colcon.colcon_core.environment:checking '/home/mero_1/robot_assembly/install/robot_assembly' for CMake config files
[0.692s] Level 1:colcon.colcon_core.shell:create_environment_hook('robot_assembly', 'cmake_prefix_path')
[0.692s] INFO:colcon.colcon_core.shell:Creating environment hook '/home/mero_1/robot_assembly/install/robot_assembly/share/robot_assembly/hook/cmake_prefix_path.ps1'
[0.692s] INFO:colcon.colcon_core.shell:Creating environment descriptor '/home/mero_1/robot_assembly/install/robot_assembly/share/robot_assembly/hook/cmake_prefix_path.dsv'
[0.692s] INFO:colcon.colcon_core.shell:Creating environment hook '/home/mero_1/robot_assembly/install/robot_assembly/share/robot_assembly/hook/cmake_prefix_path.sh'
[0.693s] Level 1:colcon.colcon_core.environment:checking '/home/mero_1/robot_assembly/install/robot_assembly/bin'
[0.693s] Level 1:colcon.colcon_core.environment:checking '/home/mero_1/robot_assembly/install/robot_assembly/lib/pkgconfig/robot_assembly.pc'
[0.693s] Level 1:colcon.colcon_core.environment:checking '/home/mero_1/robot_assembly/install/robot_assembly/lib/python3.10/site-packages'
[0.693s] Level 1:colcon.colcon_core.environment:checking '/home/mero_1/robot_assembly/install/robot_assembly/bin'
[0.693s] INFO:colcon.colcon_core.shell:Creating package script '/home/mero_1/robot_assembly/install/robot_assembly/share/robot_assembly/package.ps1'
[0.694s] INFO:colcon.colcon_core.shell:Creating package descriptor '/home/mero_1/robot_assembly/install/robot_assembly/share/robot_assembly/package.dsv'
[0.694s] INFO:colcon.colcon_core.shell:Creating package script '/home/mero_1/robot_assembly/install/robot_assembly/share/robot_assembly/package.sh'
[0.694s] INFO:colcon.colcon_core.shell:Creating package script '/home/mero_1/robot_assembly/install/robot_assembly/share/robot_assembly/package.bash'
[0.694s] INFO:colcon.colcon_core.shell:Creating package script '/home/mero_1/robot_assembly/install/robot_assembly/share/robot_assembly/package.zsh'
[0.695s] Level 1:colcon.colcon_core.environment:create_file_with_runtime_dependencies(/home/mero_1/robot_assembly/install/robot_assembly/share/colcon-core/packages/robot_assembly)
[0.711s] Level 1:colcon.colcon_core.environment:create_environment_scripts_only(robot_assembly)
[0.711s] Level 1:colcon.colcon_core.environment:checking '/home/mero_1/robot_assembly/install/robot_assembly' for CMake module files
[0.711s] Level 1:colcon.colcon_core.environment:checking '/home/mero_1/robot_assembly/install/robot_assembly' for CMake config files
[0.711s] Level 1:colcon.colcon_core.shell:create_environment_hook('robot_assembly', 'cmake_prefix_path')
[0.711s] INFO:colcon.colcon_core.shell:Creating environment hook '/home/mero_1/robot_assembly/install/robot_assembly/share/robot_assembly/hook/cmake_prefix_path.ps1'
[0.712s] INFO:colcon.colcon_core.shell:Creating environment descriptor '/home/mero_1/robot_assembly/install/robot_assembly/share/robot_assembly/hook/cmake_prefix_path.dsv'
[0.712s] INFO:colcon.colcon_core.shell:Creating environment hook '/home/mero_1/robot_assembly/install/robot_assembly/share/robot_assembly/hook/cmake_prefix_path.sh'
[0.712s] Level 1:colcon.colcon_core.environment:checking '/home/mero_1/robot_assembly/install/robot_assembly/bin'
[0.712s] Level 1:colcon.colcon_core.environment:checking '/home/mero_1/robot_assembly/install/robot_assembly/lib/pkgconfig/robot_assembly.pc'
[0.712s] Level 1:colcon.colcon_core.environment:checking '/home/mero_1/robot_assembly/install/robot_assembly/lib/python3.10/site-packages'
[0.712s] Level 1:colcon.colcon_core.environment:checking '/home/mero_1/robot_assembly/install/robot_assembly/bin'
[0.713s] INFO:colcon.colcon_core.shell:Creating package script '/home/mero_1/robot_assembly/install/robot_assembly/share/robot_assembly/package.ps1'
[0.713s] INFO:colcon.colcon_core.shell:Creating package descriptor '/home/mero_1/robot_assembly/install/robot_assembly/share/robot_assembly/package.dsv'
[0.713s] INFO:colcon.colcon_core.shell:Creating package script '/home/mero_1/robot_assembly/install/robot_assembly/share/robot_assembly/package.sh'
[0.713s] INFO:colcon.colcon_core.shell:Creating package script '/home/mero_1/robot_assembly/install/robot_assembly/share/robot_assembly/package.bash'
[0.713s] INFO:colcon.colcon_core.shell:Creating package script '/home/mero_1/robot_assembly/install/robot_assembly/share/robot_assembly/package.zsh'
[0.713s] Level 1:colcon.colcon_core.environment:create_file_with_runtime_dependencies(/home/mero_1/robot_assembly/install/robot_assembly/share/colcon-core/packages/robot_assembly)
[0.714s] DEBUG:colcon.colcon_parallel_executor.executor.parallel:closing loop
[0.714s] DEBUG:colcon.colcon_parallel_executor.executor.parallel:loop closed
[0.714s] DEBUG:colcon.colcon_parallel_executor.executor.parallel:run_until_complete finished with '0'
[0.714s] DEBUG:colcon.colcon_core.event_reactor:joining thread
[0.719s] INFO:colcon.colcon_core.plugin_system:Skipping extension 'colcon_notification.desktop_notification.terminal_notifier': Not used on non-Darwin systems
[0.719s] INFO:colcon.colcon_core.plugin_system:Skipping extension 'colcon_notification.desktop_notification.win32': Not used on non-Windows systems
[0.719s] INFO:colcon.colcon_notification.desktop_notification:Sending desktop notification using 'notify2'
[0.730s] DEBUG:colcon.colcon_core.event_reactor:joined thread
[0.730s] INFO:colcon.colcon_core.shell:Creating prefix script '/home/mero_1/robot_assembly/install/local_setup.ps1'
[0.731s] INFO:colcon.colcon_core.shell:Creating prefix util module '/home/mero_1/robot_assembly/install/_local_setup_util_ps1.py'
[0.731s] INFO:colcon.colcon_core.shell:Creating prefix chain script '/home/mero_1/robot_assembly/install/setup.ps1'
[0.733s] INFO:colcon.colcon_core.shell:Creating prefix script '/home/mero_1/robot_assembly/install/local_setup.sh'
[0.733s] INFO:colcon.colcon_core.shell:Creating prefix util module '/home/mero_1/robot_assembly/install/_local_setup_util_sh.py'
[0.734s] INFO:colcon.colcon_core.shell:Creating prefix chain script '/home/mero_1/robot_assembly/install/setup.sh'
[0.736s] INFO:colcon.colcon_core.shell:Creating prefix script '/home/mero_1/robot_assembly/install/local_setup.bash'
[0.736s] INFO:colcon.colcon_core.shell:Creating prefix chain script '/home/mero_1/robot_assembly/install/setup.bash'
[0.737s] INFO:colcon.colcon_core.shell:Creating prefix script '/home/mero_1/robot_assembly/install/local_setup.zsh'
[0.737s] INFO:colcon.colcon_core.shell:Creating prefix chain script '/home/mero_1/robot_assembly/install/setup.zsh'
