[0.008s] Invoking command in '/home/mero_1/robot_assembly/build/robot_assembly': CMAKE_PREFIX_PATH=${CMAKE_PREFIX_PATH}:/home/mero_1/vesc_ws/install/ros2_vesc_drv:/opt/ros/humble /usr/bin/cmake /home/mero_1/robot_assembly -DCMAKE_INSTALL_PREFIX=/home/mero_1/robot_assembly/install/robot_assembly
[0.043s] -- The C compiler identification is GNU 11.4.0
[0.076s] -- The CXX compiler identification is GNU 11.4.0
[0.081s] -- Detecting C compiler ABI info
[0.125s] -- Detecting C compiler ABI info - done
[0.130s] -- Check for working C compiler: /usr/bin/cc - skipped
[0.130s] -- Detecting C compile features
[0.130s] -- Detecting C compile features - done
[0.132s] -- Detecting CXX compiler ABI info
[0.183s] -- Detecting CXX compiler ABI info - done
[0.187s] -- Check for working CXX compiler: /usr/bin/c++ - skipped
[0.188s] -- Detecting CXX compile features
[0.188s] -- Detecting CXX compile features - done
[0.190s] -- Found ament_cmake: 1.3.8 (/opt/ros/humble/share/ament_cmake/cmake)
[0.288s] -- Found Python3: /usr/bin/python3 (found version "3.10.12") found components: Interpreter 
[0.388s] -- Configuring done
[0.389s] -- Generating done
[0.390s] -- Build files have been written to: /home/mero_1/robot_assembly/build/robot_assembly
[0.392s] Invoked command in '/home/mero_1/robot_assembly/build/robot_assembly' returned '0': CMAKE_PREFIX_PATH=${CMAKE_PREFIX_PATH}:/home/mero_1/vesc_ws/install/ros2_vesc_drv:/opt/ros/humble /usr/bin/cmake /home/mero_1/robot_assembly -DCMAKE_INSTALL_PREFIX=/home/mero_1/robot_assembly/install/robot_assembly
[0.394s] Invoking command in '/home/mero_1/robot_assembly/build/robot_assembly': CMAKE_PREFIX_PATH=${CMAKE_PREFIX_PATH}:/home/mero_1/vesc_ws/install/ros2_vesc_drv:/opt/ros/humble /usr/bin/cmake --build /home/mero_1/robot_assembly/build/robot_assembly -- -j16 -l16
[0.419s] Invoked command in '/home/mero_1/robot_assembly/build/robot_assembly' returned '0': CMAKE_PREFIX_PATH=${CMAKE_PREFIX_PATH}:/home/mero_1/vesc_ws/install/ros2_vesc_drv:/opt/ros/humble /usr/bin/cmake --build /home/mero_1/robot_assembly/build/robot_assembly -- -j16 -l16
[0.440s] Invoking command in '/home/mero_1/robot_assembly/build/robot_assembly': CMAKE_PREFIX_PATH=${CMAKE_PREFIX_PATH}:/home/mero_1/vesc_ws/install/ros2_vesc_drv:/opt/ros/humble /usr/bin/cmake --install /home/mero_1/robot_assembly/build/robot_assembly
[0.445s] -- Install configuration: ""
[0.445s] -- Installing: /home/mero_1/robot_assembly/install/robot_assembly/share/robot_assembly/urdf
[0.445s] -- Installing: /home/mero_1/robot_assembly/install/robot_assembly/share/robot_assembly/urdf/robot_assembly.csv
[0.445s] -- Installing: /home/mero_1/robot_assembly/install/robot_assembly/share/robot_assembly/urdf/robot_assembly.urdf.xacro
[0.445s] -- Installing: /home/mero_1/robot_assembly/install/robot_assembly/share/robot_assembly/launch
[0.445s] -- Installing: /home/mero_1/robot_assembly/install/robot_assembly/share/robot_assembly/launch/gazebo.launch
[0.445s] -- Installing: /home/mero_1/robot_assembly/install/robot_assembly/share/robot_assembly/launch/python.launch.py
[0.445s] -- Installing: /home/mero_1/robot_assembly/install/robot_assembly/share/robot_assembly/launch/display.launch.xml
[0.446s] -- Installing: /home/mero_1/robot_assembly/install/robot_assembly/share/robot_assembly/launch/rviz.launch.xml
[0.446s] -- Installing: /home/mero_1/robot_assembly/install/robot_assembly/share/robot_assembly/meshes
[0.446s] -- Installing: /home/mero_1/robot_assembly/install/robot_assembly/share/robot_assembly/meshes/left_rear_wheel.STL
[0.446s] -- Installing: /home/mero_1/robot_assembly/install/robot_assembly/share/robot_assembly/meshes/left_front_wheel.STL
[0.446s] -- Installing: /home/mero_1/robot_assembly/install/robot_assembly/share/robot_assembly/meshes/base_link.STL
[0.447s] -- Installing: /home/mero_1/robot_assembly/install/robot_assembly/share/robot_assembly/meshes/right_front_wheel.STL
[0.447s] -- Installing: /home/mero_1/robot_assembly/install/robot_assembly/share/robot_assembly/meshes/right_rear_wheel.STL
[0.447s] -- Installing: /home/mero_1/robot_assembly/install/robot_assembly/share/robot_assembly/config
[0.447s] -- Installing: /home/mero_1/robot_assembly/install/robot_assembly/share/robot_assembly/config/joint_names_robot_assembly.yaml
[0.447s] -- Installing: /home/mero_1/robot_assembly/install/robot_assembly/share/robot_assembly/worlds
[0.447s] -- Installing: /home/mero_1/robot_assembly/install/robot_assembly/share/robot_assembly/worlds/my_world.world
[0.447s] -- Installing: /home/mero_1/robot_assembly/install/robot_assembly/share/robot_assembly/worlds/test_world.world
[0.447s] -- Installing: /home/mero_1/robot_assembly/install/robot_assembly/share/robot_assembly/worlds/turtlebot3_house.world
[0.447s] -- Installing: /home/mero_1/robot_assembly/install/robot_assembly/share/robot_assembly/worlds/turtlebot3_world.world
[0.447s] -- Installing: /home/mero_1/robot_assembly/install/robot_assembly/share/robot_assembly/worlds/playground.world
[0.447s] -- Installing: /home/mero_1/robot_assembly/install/robot_assembly/share/robot_assembly/worlds/field.world
[0.448s] -- Installing: /home/mero_1/robot_assembly/install/robot_assembly/share/ament_index/resource_index/package_run_dependencies/robot_assembly
[0.448s] -- Installing: /home/mero_1/robot_assembly/install/robot_assembly/share/ament_index/resource_index/parent_prefix_path/robot_assembly
[0.448s] -- Installing: /home/mero_1/robot_assembly/install/robot_assembly/share/robot_assembly/environment/ament_prefix_path.sh
[0.448s] -- Installing: /home/mero_1/robot_assembly/install/robot_assembly/share/robot_assembly/environment/ament_prefix_path.dsv
[0.448s] -- Installing: /home/mero_1/robot_assembly/install/robot_assembly/share/robot_assembly/environment/path.sh
[0.448s] -- Installing: /home/mero_1/robot_assembly/install/robot_assembly/share/robot_assembly/environment/path.dsv
[0.448s] -- Installing: /home/mero_1/robot_assembly/install/robot_assembly/share/robot_assembly/local_setup.bash
[0.448s] -- Installing: /home/mero_1/robot_assembly/install/robot_assembly/share/robot_assembly/local_setup.sh
[0.448s] -- Installing: /home/mero_1/robot_assembly/install/robot_assembly/share/robot_assembly/local_setup.zsh
[0.448s] -- Installing: /home/mero_1/robot_assembly/install/robot_assembly/share/robot_assembly/local_setup.dsv
[0.449s] -- Installing: /home/mero_1/robot_assembly/install/robot_assembly/share/robot_assembly/package.dsv
[0.449s] -- Installing: /home/mero_1/robot_assembly/install/robot_assembly/share/ament_index/resource_index/packages/robot_assembly
[0.449s] -- Installing: /home/mero_1/robot_assembly/install/robot_assembly/share/robot_assembly/cmake/robot_assemblyConfig.cmake
[0.449s] -- Installing: /home/mero_1/robot_assembly/install/robot_assembly/share/robot_assembly/cmake/robot_assemblyConfig-version.cmake
[0.449s] -- Installing: /home/mero_1/robot_assembly/install/robot_assembly/share/robot_assembly/package.xml
[0.450s] Invoked command in '/home/mero_1/robot_assembly/build/robot_assembly' returned '0': CMAKE_PREFIX_PATH=${CMAKE_PREFIX_PATH}:/home/mero_1/vesc_ws/install/ros2_vesc_drv:/opt/ros/humble /usr/bin/cmake --install /home/mero_1/robot_assembly/build/robot_assembly
